<?xml version="1.0" encoding="UTF-8"?>
<testsuite xmlns:xsi="http://www.w3.org/2001/XMLSchema-instance" xsi:noNamespaceSchemaLocation="https://maven.apache.org/surefire/maven-surefire-plugin/xsd/surefire-test-report.xsd" name="TestSuite" time="4.672" tests="2" errors="0" skipped="2" failures="0">
  <properties>
    <property name="awt.toolkit" value="sun.awt.X11.XToolkit"/>
    <property name="java.specification.version" value="11"/>
    <property name="sun.cpu.isalist" value=""/>
    <property name="sun.jnu.encoding" value="UTF-8"/>
    <property name="java.class.path" value="/projects/SkMateChe/target/test-classes:/projects/SkMateChe/target/classes:/home/user/.m2/repository/com/fasterxml/jackson/core/jackson-core/2.10.3/jackson-core-2.10.3.jar:/home/user/.m2/repository/com/sun/mail/javax.mail/1.6.2/javax.mail-1.6.2.jar:/home/user/.m2/repository/javax/activation/activation/1.1/activation-1.1.jar:/home/user/.m2/repository/org/codehaus/mojo/exec-maven-plugin/1.1.1/exec-maven-plugin-1.1.1.jar:/home/user/.m2/repository/org/apache/maven/maven-toolchain/1.0/maven-toolchain-1.0.jar:/home/user/.m2/repository/org/apache/maven/maven-project/2.0.6/maven-project-2.0.6.jar:/home/user/.m2/repository/org/apache/maven/maven-settings/2.0.6/maven-settings-2.0.6.jar:/home/user/.m2/repository/org/apache/maven/maven-profile/2.0.6/maven-profile-2.0.6.jar:/home/user/.m2/repository/org/apache/maven/maven-plugin-registry/2.0.6/maven-plugin-registry-2.0.6.jar:/home/user/.m2/repository/org/apache/maven/maven-model/2.0.6/maven-model-2.0.6.jar:/home/user/.m2/repository/org/apache/maven/maven-artifact/2.0.6/maven-artifact-2.0.6.jar:/home/user/.m2/repository/org/apache/maven/maven-artifact-manager/2.0.6/maven-artifact-manager-2.0.6.jar:/home/user/.m2/repository/org/apache/maven/maven-repository-metadata/2.0.6/maven-repository-metadata-2.0.6.jar:/home/user/.m2/repository/org/apache/maven/wagon/wagon-provider-api/1.0-beta-2/wagon-provider-api-1.0-beta-2.jar:/home/user/.m2/repository/org/apache/maven/maven-core/2.0.6/maven-core-2.0.6.jar:/home/user/.m2/repository/org/apache/maven/wagon/wagon-file/1.0-beta-2/wagon-file-1.0-beta-2.jar:/home/user/.m2/repository/org/apache/maven/maven-plugin-parameter-documenter/2.0.6/maven-plugin-parameter-documenter-2.0.6.jar:/home/user/.m2/repository/org/apache/maven/wagon/wagon-http-lightweight/1.0-beta-2/wagon-http-lightweight-1.0-beta-2.jar:/home/user/.m2/repository/org/apache/maven/wagon/wagon-http-shared/1.0-beta-2/wagon-http-shared-1.0-beta-2.jar:/home/user/.m2/repository/jtidy/jtidy/4aug2000r7-dev/jtidy-4aug2000r7-dev.jar:/home/user/.m2/repository/xml-apis/xml-apis/1.0.b2/xml-apis-1.0.b2.jar:/home/user/.m2/repository/org/apache/maven/reporting/maven-reporting-api/2.0.6/maven-reporting-api-2.0.6.jar:/home/user/.m2/repository/org/apache/maven/doxia/doxia-sink-api/1.0-alpha-7/doxia-sink-api-1.0-alpha-7.jar:/home/user/.m2/repository/org/apache/maven/maven-error-diagnostics/2.0.6/maven-error-diagnostics-2.0.6.jar:/home/user/.m2/repository/commons-cli/commons-cli/1.0/commons-cli-1.0.jar:/home/user/.m2/repository/org/apache/maven/wagon/wagon-ssh-external/1.0-beta-2/wagon-ssh-external-1.0-beta-2.jar:/home/user/.m2/repository/org/apache/maven/wagon/wagon-ssh-common/1.0-beta-2/wagon-ssh-common-1.0-beta-2.jar:/home/user/.m2/repository/org/apache/maven/maven-plugin-descriptor/2.0.6/maven-plugin-descriptor-2.0.6.jar:/home/user/.m2/repository/org/codehaus/plexus/plexus-interactivity-api/1.0-alpha-4/plexus-interactivity-api-1.0-alpha-4.jar:/home/user/.m2/repository/org/apache/maven/maven-monitor/2.0.6/maven-monitor-2.0.6.jar:/home/user/.m2/repository/org/apache/maven/wagon/wagon-ssh/1.0-beta-2/wagon-ssh-1.0-beta-2.jar:/home/user/.m2/repository/com/jcraft/jsch/0.1.27/jsch-0.1.27.jar:/home/user/.m2/repository/classworlds/classworlds/1.1/classworlds-1.1.jar:/home/user/.m2/repository/org/apache/maven/maven-plugin-api/2.0.6/maven-plugin-api-2.0.6.jar:/home/user/.m2/repository/org/codehaus/plexus/plexus-utils/1.5.6/plexus-utils-1.5.6.jar:/home/user/.m2/repository/org/codehaus/plexus/plexus-container-default/1.0-alpha-9/plexus-container-default-1.0-alpha-9.jar:/projects/SkMateChe/libs/TAF-WebServices-0.0.3.jar:/projects/SkMateChe/libs/TAF-GenericUtility-0.0.3.jar:/projects/SkMateChe/libs/TAF-Web-0.0.3.jar:/projects/SkMateChe/libs/TAF-Mobile-0.0.3.jar:/projects/SkMateChe/libs/TAF-Reporting-0.0.3.jar:/home/user/.m2/repository/junit/junit/4.12/junit-4.12.jar:/home/user/.m2/repository/org/hamcrest/hamcrest-core/1.3/hamcrest-core-1.3.jar:/home/user/.m2/repository/log4j/log4j/1.2.17/log4j-1.2.17.jar:/home/user/.m2/repository/org/seleniumhq/selenium/selenium-java/3.141.59/selenium-java-3.141.59.jar:/home/user/.m2/repository/org/seleniumhq/selenium/selenium-api/3.141.59/selenium-api-3.141.59.jar:/home/user/.m2/repository/org/seleniumhq/selenium/selenium-chrome-driver/3.141.59/selenium-chrome-driver-3.141.59.jar:/home/user/.m2/repository/org/seleniumhq/selenium/selenium-edge-driver/3.141.59/selenium-edge-driver-3.141.59.jar:/home/user/.m2/repository/org/seleniumhq/selenium/selenium-firefox-driver/3.141.59/selenium-firefox-driver-3.141.59.jar:/home/user/.m2/repository/org/seleniumhq/selenium/selenium-ie-driver/3.141.59/selenium-ie-driver-3.141.59.jar:/home/user/.m2/repository/org/seleniumhq/selenium/selenium-opera-driver/3.141.59/selenium-opera-driver-3.141.59.jar:/home/user/.m2/repository/org/seleniumhq/selenium/selenium-remote-driver/3.141.59/selenium-remote-driver-3.141.59.jar:/home/user/.m2/repository/org/seleniumhq/selenium/selenium-safari-driver/3.141.59/selenium-safari-driver-3.141.59.jar:/home/user/.m2/repository/net/bytebuddy/byte-buddy/1.8.15/byte-buddy-1.8.15.jar:/home/user/.m2/repository/org/apache/commons/commons-exec/1.3/commons-exec-1.3.jar:/home/user/.m2/repository/com/squareup/okhttp3/okhttp/3.11.0/okhttp-3.11.0.jar:/home/user/.m2/repository/com/squareup/okio/okio/1.14.0/okio-1.14.0.jar:/home/user/.m2/repository/org/seleniumhq/selenium/selenium-support/3.141.59/selenium-support-3.141.59.jar:/home/user/.m2/repository/com/codeborne/phantomjsdriver/1.4.1/phantomjsdriver-1.4.1.jar:/home/user/.m2/repository/org/testng/testng/6.14.3/testng-6.14.3.jar:/home/user/.m2/repository/com/beust/jcommander/1.72/jcommander-1.72.jar:/home/user/.m2/repository/org/apache-extras/beanshell/bsh/2.0b6/bsh-2.0b6.jar:/home/user/.m2/repository/io/appium/java-client/7.0.0/java-client-7.0.0.jar:/home/user/.m2/repository/com/google/code/gson/gson/2.8.5/gson-2.8.5.jar:/home/user/.m2/repository/org/apache/httpcomponents/httpclient/4.5.6/httpclient-4.5.6.jar:/home/user/.m2/repository/org/apache/httpcomponents/httpcore/4.4.10/httpcore-4.4.10.jar:/home/user/.m2/repository/commons-logging/commons-logging/1.2/commons-logging-1.2.jar:/home/user/.m2/repository/cglib/cglib/3.2.8/cglib-3.2.8.jar:/home/user/.m2/repository/org/ow2/asm/asm/6.2.1/asm-6.2.1.jar:/home/user/.m2/repository/org/apache/ant/ant/1.10.3/ant-1.10.3.jar:/home/user/.m2/repository/org/apache/ant/ant-launcher/1.10.3/ant-launcher-1.10.3.jar:/home/user/.m2/repository/commons-validator/commons-validator/1.6/commons-validator-1.6.jar:/home/user/.m2/repository/commons-beanutils/commons-beanutils/1.9.2/commons-beanutils-1.9.2.jar:/home/user/.m2/repository/commons-digester/commons-digester/1.8.1/commons-digester-1.8.1.jar:/home/user/.m2/repository/commons-collections/commons-collections/3.2.2/commons-collections-3.2.2.jar:/home/user/.m2/repository/org/apache/commons/commons-lang3/3.8/commons-lang3-3.8.jar:/home/user/.m2/repository/commons-io/commons-io/2.6/commons-io-2.6.jar:/home/user/.m2/repository/org/aspectj/aspectjweaver/1.9.1/aspectjweaver-1.9.1.jar:/home/user/.m2/repository/org/slf4j/slf4j-api/1.7.25/slf4j-api-1.7.25.jar:/home/user/.m2/repository/io/cucumber/cucumber-java/4.7.1/cucumber-java-4.7.1.jar:/home/user/.m2/repository/org/apiguardian/apiguardian-api/1.1.0/apiguardian-api-1.1.0.jar:/home/user/.m2/repository/io/cucumber/cucumber-core/4.7.1/cucumber-core-4.7.1.jar:/home/user/.m2/repository/io/cucumber/gherkin/5.1.0/gherkin-5.1.0.jar:/home/user/.m2/repository/io/cucumber/tag-expressions/1.1.1/tag-expressions-1.1.1.jar:/home/user/.m2/repository/io/cucumber/cucumber-expressions/7.0.2/cucumber-expressions-7.0.2.jar:/home/user/.m2/repository/io/cucumber/datatable/1.1.14/datatable-1.1.14.jar:/home/user/.m2/repository/io/cucumber/datatable-dependencies/1.1.14/datatable-dependencies-1.1.14.jar:/home/user/.m2/repository/io/cucumber/cucumber-testng/4.7.1/cucumber-testng-4.7.1.jar:/home/user/.m2/repository/net/masterthought/cucumber-reporting/4.7.0/cucumber-reporting-4.7.0.jar:/home/user/.m2/repository/com/fasterxml/jackson/core/jackson-databind/2.9.8/jackson-databind-2.9.8.jar:/home/user/.m2/repository/org/apache/velocity/velocity/1.7/velocity-1.7.jar:/home/user/.m2/repository/velocity-tools/velocity-tools/1.4/velocity-tools-1.4.jar:/home/user/.m2/repository/joda-time/joda-time/2.10.1/joda-time-2.10.1.jar:/home/user/.m2/repository/org/jsoup/jsoup/1.11.3/jsoup-1.11.3.jar:/home/user/.m2/repository/com/googlecode/owasp-java-html-sanitizer/owasp-java-html-sanitizer/20190325.1/owasp-java-html-sanitizer-20190325.1.jar:/home/user/.m2/repository/commons-configuration/commons-configuration/1.10/commons-configuration-1.10.jar:/home/user/.m2/repository/org/apache/poi/poi-ooxml/3.17/poi-ooxml-3.17.jar:/home/user/.m2/repository/com/github/virtuald/curvesapi/1.04/curvesapi-1.04.jar:/home/user/.m2/repository/org/apache/poi/poi/3.17/poi-3.17.jar:/home/user/.m2/repository/commons-codec/commons-codec/1.10/commons-codec-1.10.jar:/home/user/.m2/repository/org/apache/commons/commons-collections4/4.1/commons-collections4-4.1.jar:/home/user/.m2/repository/org/apache/poi/poi-ooxml-schemas/4.0.1/poi-ooxml-schemas-4.0.1.jar:/home/user/.m2/repository/org/apache/xmlbeans/xmlbeans/3.0.2/xmlbeans-3.0.2.jar:/home/user/.m2/repository/io/qameta/allure/allure-cucumber4-jvm/2.12.1/allure-cucumber4-jvm-2.12.1.jar:/home/user/.m2/repository/io/qameta/allure/allure-java-commons/2.12.1/allure-java-commons-2.12.1.jar:/home/user/.m2/repository/io/qameta/allure/allure-model/2.12.1/allure-model-2.12.1.jar:/home/user/.m2/repository/org/jooq/joor-java-8/0.9.10/joor-java-8-0.9.10.jar:/home/user/.m2/repository/com/fasterxml/jackson/core/jackson-annotations/2.10.3/jackson-annotations-2.10.3.jar:/home/user/.m2/repository/com/epam/reportportal/agent-java-cucumber4/4.0.0/agent-java-cucumber4-4.0.0.jar:/home/user/.m2/repository/com/epam/reportportal/client-java/4.0.4/client-java-4.0.4.jar:/home/user/.m2/repository/io/reactivex/rxjava2/rxjava/2.1.6/rxjava-2.1.6.jar:/home/user/.m2/repository/org/reactivestreams/reactive-streams/1.0.1/reactive-streams-1.0.1.jar:/home/user/.m2/repository/org/apache/tika/tika-core/1.4/tika-core-1.4.jar:/home/user/.m2/repository/com/epam/reportportal/commons-model/4.0.0/commons-model-4.0.0.jar:/home/user/.m2/repository/io/swagger/swagger-annotations/1.5.13/swagger-annotations-1.5.13.jar:/home/user/.m2/repository/javax/validation/validation-api/1.1.0.Final/validation-api-1.1.0.Final.jar:/home/user/.m2/repository/com/aventstack/extentreports-cucumber4-adapter/1.0.8/extentreports-cucumber4-adapter-1.0.8.jar:/home/user/.m2/repository/com/aventstack/extentreports/4.0.9/extentreports-4.0.9.jar:/home/user/.m2/repository/org/freemarker/freemarker/2.3.23/freemarker-2.3.23.jar:/home/user/.m2/repository/org/mongodb/bson/3.3.0/bson-3.3.0.jar:/home/user/.m2/repository/org/apache/httpcomponents/httpmime/4.5.2/httpmime-4.5.2.jar:/home/user/.m2/repository/org/mongodb/mongodb-driver/3.3.0/mongodb-driver-3.3.0.jar:/home/user/.m2/repository/org/mongodb/mongodb-driver-core/3.3.0/mongodb-driver-core-3.3.0.jar:/home/user/.m2/repository/com/google/guava/guava/25.0-jre/guava-25.0-jre.jar:/home/user/.m2/repository/com/google/code/findbugs/jsr305/1.3.9/jsr305-1.3.9.jar:/home/user/.m2/repository/org/checkerframework/checker-compat-qual/2.0.0/checker-compat-qual-2.0.0.jar:/home/user/.m2/repository/com/google/errorprone/error_prone_annotations/2.1.3/error_prone_annotations-2.1.3.jar:/home/user/.m2/repository/com/google/j2objc/j2objc-annotations/1.1/j2objc-annotations-1.1.jar:/home/user/.m2/repository/org/codehaus/mojo/animal-sniffer-annotations/1.14/animal-sniffer-annotations-1.14.jar:/home/user/.m2/repository/org/glassfish/jersey/core/jersey-common/2.25.1/jersey-common-2.25.1.jar:/home/user/.m2/repository/javax/ws/rs/javax.ws.rs-api/2.0.1/javax.ws.rs-api-2.0.1.jar:/home/user/.m2/repository/javax/annotation/javax.annotation-api/1.2/javax.annotation-api-1.2.jar:/home/user/.m2/repository/org/glassfish/jersey/bundles/repackaged/jersey-guava/2.25.1/jersey-guava-2.25.1.jar:/home/user/.m2/repository/org/glassfish/hk2/hk2-api/2.5.0-b32/hk2-api-2.5.0-b32.jar:/home/user/.m2/repository/org/glassfish/hk2/hk2-utils/2.5.0-b32/hk2-utils-2.5.0-b32.jar:/home/user/.m2/repository/org/glassfish/hk2/external/aopalliance-repackaged/2.5.0-b32/aopalliance-repackaged-2.5.0-b32.jar:/home/user/.m2/repository/org/glassfish/hk2/external/javax.inject/2.5.0-b32/javax.inject-2.5.0-b32.jar:/home/user/.m2/repository/org/glassfish/hk2/hk2-locator/2.5.0-b32/hk2-locator-2.5.0-b32.jar:/home/user/.m2/repository/org/javassist/javassist/3.20.0-GA/javassist-3.20.0-GA.jar:/home/user/.m2/repository/org/glassfish/hk2/osgi-resource-locator/1.0.1/osgi-resource-locator-1.0.1.jar:/home/user/.m2/repository/org/glassfish/jersey/connectors/jersey-apache-connector/2.25.1/jersey-apache-connector-2.25.1.jar:/home/user/.m2/repository/org/glassfish/jersey/core/jersey-client/2.25.1/jersey-client-2.25.1.jar:/home/user/.m2/repository/com/fasterxml/jackson/jaxrs/jackson-jaxrs-json-provider/2.8.7/jackson-jaxrs-json-provider-2.8.7.jar:/home/user/.m2/repository/com/fasterxml/jackson/jaxrs/jackson-jaxrs-base/2.8.7/jackson-jaxrs-base-2.8.7.jar:/home/user/.m2/repository/com/fasterxml/jackson/module/jackson-module-jaxb-annotations/2.8.7/jackson-module-jaxb-annotations-2.8.7.jar:/home/user/.m2/repository/org/glassfish/jersey/media/jersey-media-moxy/2.25.1/jersey-media-moxy-2.25.1.jar:/home/user/.m2/repository/org/glassfish/jersey/ext/jersey-entity-filtering/2.25.1/jersey-entity-filtering-2.25.1.jar:/home/user/.m2/repository/org/eclipse/persistence/org.eclipse.persistence.moxy/2.6.0/org.eclipse.persistence.moxy-2.6.0.jar:/home/user/.m2/repository/org/eclipse/persistence/org.eclipse.persistence.core/2.6.0/org.eclipse.persistence.core-2.6.0.jar:/home/user/.m2/repository/org/eclipse/persistence/org.eclipse.persistence.asm/2.6.0/org.eclipse.persistence.asm-2.6.0.jar:/home/user/.m2/repository/org/glassfish/javax.json/1.0.4/javax.json-1.0.4.jar:/home/user/.m2/repository/org/glassfish/jersey/media/jersey-media-jaxb/2.25.1/jersey-media-jaxb-2.25.1.jar:/home/user/.m2/repository/au/com/dius/pact-jvm-consumer-java8_2.12/3.5.21/pact-jvm-consumer-java8_2.12-3.5.21.jar:/home/user/.m2/repository/org/jetbrains/kotlin/kotlin-stdlib-jdk8/1.2.51/kotlin-stdlib-jdk8-1.2.51.jar:/home/user/.m2/repository/org/jetbrains/kotlin/kotlin-stdlib/1.2.51/kotlin-stdlib-1.2.51.jar:/home/user/.m2/repository/org/jetbrains/kotlin/kotlin-stdlib-common/1.2.51/kotlin-stdlib-common-1.2.51.jar:/home/user/.m2/repository/org/jetbrains/annotations/13.0/annotations-13.0.jar:/home/user/.m2/repository/org/jetbrains/kotlin/kotlin-stdlib-jdk7/1.2.51/kotlin-stdlib-jdk7-1.2.51.jar:/home/user/.m2/repository/org/jetbrains/kotlin/kotlin-reflect/1.2.51/kotlin-reflect-1.2.51.jar:/home/user/.m2/repository/org/codehaus/groovy/groovy-all/2.4.12/groovy-all-2.4.12-indy.jar:/home/user/.m2/repository/io/github/microutils/kotlin-logging/1.4.4/kotlin-logging-1.4.4.jar:/home/user/.m2/repository/org/scala-lang/scala-library/2.12.5/scala-library-2.12.5.jar:/home/user/.m2/repository/com/typesafe/scala-logging/scala-logging_2.12/3.7.2/scala-logging_2.12-3.7.2.jar:/home/user/.m2/repository/au/com/dius/pact-jvm-consumer-junit_2.12/3.5.21/pact-jvm-consumer-junit_2.12-3.5.21.jar:/home/user/.m2/repository/au/com/dius/pact-jvm-consumer_2.12/3.5.21/pact-jvm-consumer_2.12-3.5.21.jar:/home/user/.m2/repository/au/com/dius/pact-jvm-model/3.5.21/pact-jvm-model-3.5.21.jar:/home/user/.m2/repository/au/com/dius/pact-jvm-pact-broker/3.5.21/pact-jvm-pact-broker-3.5.21.jar:/home/user/.m2/repository/au/com/dius/pact-jvm-matchers_2.12/3.5.21/pact-jvm-matchers_2.12-3.5.21.jar:/home/user/.m2/repository/io/gatling/jsonpath_2.12/0.6.9/jsonpath_2.12-0.6.9.jar:/home/user/.m2/repository/org/scala-lang/modules/scala-parser-combinators_2.12/1.0.5/scala-parser-combinators_2.12-1.0.5.jar:/home/user/.m2/repository/org/scala-lang/modules/scala-xml_2.12/1.0.6/scala-xml_2.12-1.0.6.jar:/home/user/.m2/repository/com/googlecode/java-diff-utils/diffutils/1.3.0/diffutils-1.3.0.jar:/home/user/.m2/repository/dk/brics/automaton/automaton/1.11-8/automaton-1.11-8.jar:/home/user/.m2/repository/io/netty/netty-handler/4.1.9.Final/netty-handler-4.1.9.Final.jar:/home/user/.m2/repository/io/netty/netty-buffer/4.1.9.Final/netty-buffer-4.1.9.Final.jar:/home/user/.m2/repository/io/netty/netty-common/4.1.9.Final/netty-common-4.1.9.Final.jar:/home/user/.m2/repository/io/netty/netty-transport/4.1.9.Final/netty-transport-4.1.9.Final.jar:/home/user/.m2/repository/io/netty/netty-resolver/4.1.9.Final/netty-resolver-4.1.9.Final.jar:/home/user/.m2/repository/io/netty/netty-codec/4.1.9.Final/netty-codec-4.1.9.Final.jar:/home/user/.m2/repository/ws/unfiltered/unfiltered-netty-server_2.12/0.9.1/unfiltered-netty-server_2.12-0.9.1.jar:/home/user/.m2/repository/ws/unfiltered/unfiltered-netty_2.12/0.9.1/unfiltered-netty_2.12-0.9.1.jar:/home/user/.m2/repository/ws/unfiltered/unfiltered_2.12/0.9.1/unfiltered_2.12-0.9.1.jar:/home/user/.m2/repository/io/netty/netty-codec-http/4.1.9.Final/netty-codec-http-4.1.9.Final.jar:/home/user/.m2/repository/ws/unfiltered/unfiltered-util_2.12/0.9.1/unfiltered-util_2.12-0.9.1.jar:/home/user/.m2/repository/org/scala-lang/modules/scala-java8-compat_2.12/0.8.0/scala-java8-compat_2.12-0.8.0.jar:/home/user/.m2/repository/org/json/json/20160212/json-20160212.jar:/home/user/.m2/repository/au/com/dius/pact-jvm-provider-junit/4.0.3/pact-jvm-provider-junit-4.0.3.jar:/home/user/.m2/repository/org/apache/httpcomponents/fluent-hc/4.5.5/fluent-hc-4.5.5.jar:/home/user/.m2/repository/org/jooq/jool/0.9.14/jool-0.9.14.jar:/home/user/.m2/repository/com/github/rholder/guava-retrying/2.0.0/guava-retrying-2.0.0.jar:/home/user/.m2/repository/javax/mail/mail/1.5.0-b01/mail-1.5.0-b01.jar:/home/user/.m2/repository/au/com/dius/pact-jvm-core-support/4.0.3/pact-jvm-core-support-4.0.3.jar:/home/user/.m2/repository/org/antlr/antlr4/4.7.2/antlr4-4.7.2.jar:/home/user/.m2/repository/org/antlr/antlr4-runtime/4.7.2/antlr4-runtime-4.7.2.jar:/home/user/.m2/repository/org/antlr/antlr-runtime/3.5.2/antlr-runtime-3.5.2.jar:/home/user/.m2/repository/org/antlr/ST4/4.1/ST4-4.1.jar:/home/user/.m2/repository/org/abego/treelayout/org.abego.treelayout.core/1.0.3/org.abego.treelayout.core-1.0.3.jar:/home/user/.m2/repository/com/ibm/icu/icu4j/61.1/icu4j-61.1.jar:/home/user/.m2/repository/com/github/salomonbrys/kotson/kotson/2.5.0/kotson-2.5.0.jar:/home/user/.m2/repository/au/com/dius/pact-jvm-provider/4.0.3/pact-jvm-provider-4.0.3.jar:/home/user/.m2/repository/org/fusesource/jansi/jansi/1.17.1/jansi-1.17.1.jar:/home/user/.m2/repository/au/com/dius/pact-jvm-core-model/4.0.3/pact-jvm-core-model-4.0.3.jar:/home/user/.m2/repository/com/github/zafarkhaja/java-semver/0.9.0/java-semver-0.9.0.jar:/home/user/.m2/repository/com/github/mifmif/generex/1.0.2/generex-1.0.2.jar:/home/user/.m2/repository/com/amazonaws/aws-java-sdk-s3/1.11.587/aws-java-sdk-s3-1.11.587.jar:/home/user/.m2/repository/com/amazonaws/aws-java-sdk-kms/1.11.587/aws-java-sdk-kms-1.11.587.jar:/home/user/.m2/repository/com/amazonaws/aws-java-sdk-core/1.11.587/aws-java-sdk-core-1.11.587.jar:/home/user/.m2/repository/software/amazon/ion/ion-java/1.0.2/ion-java-1.0.2.jar:/home/user/.m2/repository/com/fasterxml/jackson/dataformat/jackson-dataformat-cbor/2.6.7/jackson-dataformat-cbor-2.6.7.jar:/home/user/.m2/repository/com/amazonaws/jmespath-java/1.11.587/jmespath-java-1.11.587.jar:/home/user/.m2/repository/au/com/dius/pact-jvm-core-pact-broker/4.0.3/pact-jvm-core-pact-broker-4.0.3.jar:/home/user/.m2/repository/org/dmfs/rfc3986-uri/0.8/rfc3986-uri-0.8.jar:/home/user/.m2/repository/org/dmfs/iterators/1.5/iterators-1.5.jar:/home/user/.m2/repository/org/dmfs/optional/0.3/optional-0.3.jar:/home/user/.m2/repository/au/com/dius/pact-jvm-core-matchers/4.0.3/pact-jvm-core-matchers-4.0.3.jar:/home/user/.m2/repository/xerces/xercesImpl/2.12.0/xercesImpl-2.12.0.jar:/home/user/.m2/repository/org/atteo/evo-inflector/1.2.2/evo-inflector-1.2.2.jar:/home/user/.m2/repository/io/arrow-kt/arrow-core-extensions/0.9.0/arrow-core-extensions-0.9.0.jar:/home/user/.m2/repository/io/arrow-kt/arrow-annotations/0.9.0/arrow-annotations-0.9.0.jar:/home/user/.m2/repository/io/kindedj/kindedj/1.1.0/kindedj-1.1.0.jar:/home/user/.m2/repository/io/arrow-kt/arrow-typeclasses/0.9.0/arrow-typeclasses-0.9.0.jar:/home/user/.m2/repository/io/arrow-kt/arrow-core-data/0.9.0/arrow-core-data-0.9.0.jar:/home/user/.m2/repository/io/github/classgraph/classgraph/4.8.25/classgraph-4.8.25.jar:/home/user/.m2/repository/org/codehaus/groovy/groovy/2.5.8/groovy-2.5.8.jar:/home/user/.m2/repository/commons-lang/commons-lang/2.6/commons-lang-2.6.jar:/home/user/.m2/repository/com/github/2gis/winium/winium-webdriver/0.1.0-1/winium-webdriver-0.1.0-1.jar:/home/user/.m2/repository/com/paulhammant/ngwebdriver/1.1.4/ngwebdriver-1.1.4.jar:/home/user/.m2/repository/net/sf/sociaal/freetts/1.2.2/freetts-1.2.2.jar:/home/user/.m2/repository/org/springframework/spring-web/5.2.6.RELEASE/spring-web-5.2.6.RELEASE.jar:/home/user/.m2/repository/org/springframework/spring-beans/5.2.6.RELEASE/spring-beans-5.2.6.RELEASE.jar:/home/user/.m2/repository/org/springframework/spring-context/5.2.6.RELEASE/spring-context-5.2.6.RELEASE.jar:/home/user/.m2/repository/org/springframework/spring-aop/5.2.6.RELEASE/spring-aop-5.2.6.RELEASE.jar:/home/user/.m2/repository/org/springframework/spring-expression/5.2.6.RELEASE/spring-expression-5.2.6.RELEASE.jar:/home/user/.m2/repository/org/springframework/spring-core/5.2.6.RELEASE/spring-core-5.2.6.RELEASE.jar:/home/user/.m2/repository/org/springframework/spring-jcl/5.2.6.RELEASE/spring-jcl-5.2.6.RELEASE.jar:"/>
    <property name="java.vm.vendor" value="Oracle Corporation"/>
    <property name="sun.arch.data.model" value="64"/>
    <property name="java.vendor.url" value="https://openjdk.java.net/"/>
    <property name="user.timezone" value=""/>
    <property name="java.vm.specification.version" value="11"/>
    <property name="os.name" value="Linux"/>
    <property name="sun.java.launcher" value="SUN_STANDARD"/>
    <property name="sun.boot.library.path" value="/usr/local/openjdk-11/lib"/>
    <property name="sun.java.command" value="/projects/SkMateChe/target/surefire/surefirebooter902656839537123913.jar /projects/SkMateChe/target/surefire 2020-11-26T15-40-32_778-jvmRun1 surefire1782066420979954628tmp surefire_01429292253289889426tmp"/>
    <property name="jdk.debug" value="release"/>
    <property name="surefire.test.class.path" value="/projects/SkMateChe/target/test-classes:/projects/SkMateChe/target/classes:/home/user/.m2/repository/com/fasterxml/jackson/core/jackson-core/2.10.3/jackson-core-2.10.3.jar:/home/user/.m2/repository/com/sun/mail/javax.mail/1.6.2/javax.mail-1.6.2.jar:/home/user/.m2/repository/javax/activation/activation/1.1/activation-1.1.jar:/home/user/.m2/repository/org/codehaus/mojo/exec-maven-plugin/1.1.1/exec-maven-plugin-1.1.1.jar:/home/user/.m2/repository/org/apache/maven/maven-toolchain/1.0/maven-toolchain-1.0.jar:/home/user/.m2/repository/org/apache/maven/maven-project/2.0.6/maven-project-2.0.6.jar:/home/user/.m2/repository/org/apache/maven/maven-settings/2.0.6/maven-settings-2.0.6.jar:/home/user/.m2/repository/org/apache/maven/maven-profile/2.0.6/maven-profile-2.0.6.jar:/home/user/.m2/repository/org/apache/maven/maven-plugin-registry/2.0.6/maven-plugin-registry-2.0.6.jar:/home/user/.m2/repository/org/apache/maven/maven-model/2.0.6/maven-model-2.0.6.jar:/home/user/.m2/repository/org/apache/maven/maven-artifact/2.0.6/maven-artifact-2.0.6.jar:/home/user/.m2/repository/org/apache/maven/maven-artifact-manager/2.0.6/maven-artifact-manager-2.0.6.jar:/home/user/.m2/repository/org/apache/maven/maven-repository-metadata/2.0.6/maven-repository-metadata-2.0.6.jar:/home/user/.m2/repository/org/apache/maven/wagon/wagon-provider-api/1.0-beta-2/wagon-provider-api-1.0-beta-2.jar:/home/user/.m2/repository/org/apache/maven/maven-core/2.0.6/maven-core-2.0.6.jar:/home/user/.m2/repository/org/apache/maven/wagon/wagon-file/1.0-beta-2/wagon-file-1.0-beta-2.jar:/home/user/.m2/repository/org/apache/maven/maven-plugin-parameter-documenter/2.0.6/maven-plugin-parameter-documenter-2.0.6.jar:/home/user/.m2/repository/org/apache/maven/wagon/wagon-http-lightweight/1.0-beta-2/wagon-http-lightweight-1.0-beta-2.jar:/home/user/.m2/repository/org/apache/maven/wagon/wagon-http-shared/1.0-beta-2/wagon-http-shared-1.0-beta-2.jar:/home/user/.m2/repository/jtidy/jtidy/4aug2000r7-dev/jtidy-4aug2000r7-dev.jar:/home/user/.m2/repository/xml-apis/xml-apis/1.0.b2/xml-apis-1.0.b2.jar:/home/user/.m2/repository/org/apache/maven/reporting/maven-reporting-api/2.0.6/maven-reporting-api-2.0.6.jar:/home/user/.m2/repository/org/apache/maven/doxia/doxia-sink-api/1.0-alpha-7/doxia-sink-api-1.0-alpha-7.jar:/home/user/.m2/repository/org/apache/maven/maven-error-diagnostics/2.0.6/maven-error-diagnostics-2.0.6.jar:/home/user/.m2/repository/commons-cli/commons-cli/1.0/commons-cli-1.0.jar:/home/user/.m2/repository/org/apache/maven/wagon/wagon-ssh-external/1.0-beta-2/wagon-ssh-external-1.0-beta-2.jar:/home/user/.m2/repository/org/apache/maven/wagon/wagon-ssh-common/1.0-beta-2/wagon-ssh-common-1.0-beta-2.jar:/home/user/.m2/repository/org/apache/maven/maven-plugin-descriptor/2.0.6/maven-plugin-descriptor-2.0.6.jar:/home/user/.m2/repository/org/codehaus/plexus/plexus-interactivity-api/1.0-alpha-4/plexus-interactivity-api-1.0-alpha-4.jar:/home/user/.m2/repository/org/apache/maven/maven-monitor/2.0.6/maven-monitor-2.0.6.jar:/home/user/.m2/repository/org/apache/maven/wagon/wagon-ssh/1.0-beta-2/wagon-ssh-1.0-beta-2.jar:/home/user/.m2/repository/com/jcraft/jsch/0.1.27/jsch-0.1.27.jar:/home/user/.m2/repository/classworlds/classworlds/1.1/classworlds-1.1.jar:/home/user/.m2/repository/org/apache/maven/maven-plugin-api/2.0.6/maven-plugin-api-2.0.6.jar:/home/user/.m2/repository/org/codehaus/plexus/plexus-utils/1.5.6/plexus-utils-1.5.6.jar:/home/user/.m2/repository/org/codehaus/plexus/plexus-container-default/1.0-alpha-9/plexus-container-default-1.0-alpha-9.jar:/projects/SkMateChe/libs/TAF-WebServices-0.0.3.jar:/projects/SkMateChe/libs/TAF-GenericUtility-0.0.3.jar:/projects/SkMateChe/libs/TAF-Web-0.0.3.jar:/projects/SkMateChe/libs/TAF-Mobile-0.0.3.jar:/projects/SkMateChe/libs/TAF-Reporting-0.0.3.jar:/home/user/.m2/repository/junit/junit/4.12/junit-4.12.jar:/home/user/.m2/repository/org/hamcrest/hamcrest-core/1.3/hamcrest-core-1.3.jar:/home/user/.m2/repository/log4j/log4j/1.2.17/log4j-1.2.17.jar:/home/user/.m2/repository/org/seleniumhq/selenium/selenium-java/3.141.59/selenium-java-3.141.59.jar:/home/user/.m2/repository/org/seleniumhq/selenium/selenium-api/3.141.59/selenium-api-3.141.59.jar:/home/user/.m2/repository/org/seleniumhq/selenium/selenium-chrome-driver/3.141.59/selenium-chrome-driver-3.141.59.jar:/home/user/.m2/repository/org/seleniumhq/selenium/selenium-edge-driver/3.141.59/selenium-edge-driver-3.141.59.jar:/home/user/.m2/repository/org/seleniumhq/selenium/selenium-firefox-driver/3.141.59/selenium-firefox-driver-3.141.59.jar:/home/user/.m2/repository/org/seleniumhq/selenium/selenium-ie-driver/3.141.59/selenium-ie-driver-3.141.59.jar:/home/user/.m2/repository/org/seleniumhq/selenium/selenium-opera-driver/3.141.59/selenium-opera-driver-3.141.59.jar:/home/user/.m2/repository/org/seleniumhq/selenium/selenium-remote-driver/3.141.59/selenium-remote-driver-3.141.59.jar:/home/user/.m2/repository/org/seleniumhq/selenium/selenium-safari-driver/3.141.59/selenium-safari-driver-3.141.59.jar:/home/user/.m2/repository/net/bytebuddy/byte-buddy/1.8.15/byte-buddy-1.8.15.jar:/home/user/.m2/repository/org/apache/commons/commons-exec/1.3/commons-exec-1.3.jar:/home/user/.m2/repository/com/squareup/okhttp3/okhttp/3.11.0/okhttp-3.11.0.jar:/home/user/.m2/repository/com/squareup/okio/okio/1.14.0/okio-1.14.0.jar:/home/user/.m2/repository/org/seleniumhq/selenium/selenium-support/3.141.59/selenium-support-3.141.59.jar:/home/user/.m2/repository/com/codeborne/phantomjsdriver/1.4.1/phantomjsdriver-1.4.1.jar:/home/user/.m2/repository/org/testng/testng/6.14.3/testng-6.14.3.jar:/home/user/.m2/repository/com/beust/jcommander/1.72/jcommander-1.72.jar:/home/user/.m2/repository/org/apache-extras/beanshell/bsh/2.0b6/bsh-2.0b6.jar:/home/user/.m2/repository/io/appium/java-client/7.0.0/java-client-7.0.0.jar:/home/user/.m2/repository/com/google/code/gson/gson/2.8.5/gson-2.8.5.jar:/home/user/.m2/repository/org/apache/httpcomponents/httpclient/4.5.6/httpclient-4.5.6.jar:/home/user/.m2/repository/org/apache/httpcomponents/httpcore/4.4.10/httpcore-4.4.10.jar:/home/user/.m2/repository/commons-logging/commons-logging/1.2/commons-logging-1.2.jar:/home/user/.m2/repository/cglib/cglib/3.2.8/cglib-3.2.8.jar:/home/user/.m2/repository/org/ow2/asm/asm/6.2.1/asm-6.2.1.jar:/home/user/.m2/repository/org/apache/ant/ant/1.10.3/ant-1.10.3.jar:/home/user/.m2/repository/org/apache/ant/ant-launcher/1.10.3/ant-launcher-1.10.3.jar:/home/user/.m2/repository/commons-validator/commons-validator/1.6/commons-validator-1.6.jar:/home/user/.m2/repository/commons-beanutils/commons-beanutils/1.9.2/commons-beanutils-1.9.2.jar:/home/user/.m2/repository/commons-digester/commons-digester/1.8.1/commons-digester-1.8.1.jar:/home/user/.m2/repository/commons-collections/commons-collections/3.2.2/commons-collections-3.2.2.jar:/home/user/.m2/repository/org/apache/commons/commons-lang3/3.8/commons-lang3-3.8.jar:/home/user/.m2/repository/commons-io/commons-io/2.6/commons-io-2.6.jar:/home/user/.m2/repository/org/aspectj/aspectjweaver/1.9.1/aspectjweaver-1.9.1.jar:/home/user/.m2/repository/org/slf4j/slf4j-api/1.7.25/slf4j-api-1.7.25.jar:/home/user/.m2/repository/io/cucumber/cucumber-java/4.7.1/cucumber-java-4.7.1.jar:/home/user/.m2/repository/org/apiguardian/apiguardian-api/1.1.0/apiguardian-api-1.1.0.jar:/home/user/.m2/repository/io/cucumber/cucumber-core/4.7.1/cucumber-core-4.7.1.jar:/home/user/.m2/repository/io/cucumber/gherkin/5.1.0/gherkin-5.1.0.jar:/home/user/.m2/repository/io/cucumber/tag-expressions/1.1.1/tag-expressions-1.1.1.jar:/home/user/.m2/repository/io/cucumber/cucumber-expressions/7.0.2/cucumber-expressions-7.0.2.jar:/home/user/.m2/repository/io/cucumber/datatable/1.1.14/datatable-1.1.14.jar:/home/user/.m2/repository/io/cucumber/datatable-dependencies/1.1.14/datatable-dependencies-1.1.14.jar:/home/user/.m2/repository/io/cucumber/cucumber-testng/4.7.1/cucumber-testng-4.7.1.jar:/home/user/.m2/repository/net/masterthought/cucumber-reporting/4.7.0/cucumber-reporting-4.7.0.jar:/home/user/.m2/repository/com/fasterxml/jackson/core/jackson-databind/2.9.8/jackson-databind-2.9.8.jar:/home/user/.m2/repository/org/apache/velocity/velocity/1.7/velocity-1.7.jar:/home/user/.m2/repository/velocity-tools/velocity-tools/1.4/velocity-tools-1.4.jar:/home/user/.m2/repository/joda-time/joda-time/2.10.1/joda-time-2.10.1.jar:/home/user/.m2/repository/org/jsoup/jsoup/1.11.3/jsoup-1.11.3.jar:/home/user/.m2/repository/com/googlecode/owasp-java-html-sanitizer/owasp-java-html-sanitizer/20190325.1/owasp-java-html-sanitizer-20190325.1.jar:/home/user/.m2/repository/commons-configuration/commons-configuration/1.10/commons-configuration-1.10.jar:/home/user/.m2/repository/org/apache/poi/poi-ooxml/3.17/poi-ooxml-3.17.jar:/home/user/.m2/repository/com/github/virtuald/curvesapi/1.04/curvesapi-1.04.jar:/home/user/.m2/repository/org/apache/poi/poi/3.17/poi-3.17.jar:/home/user/.m2/repository/commons-codec/commons-codec/1.10/commons-codec-1.10.jar:/home/user/.m2/repository/org/apache/commons/commons-collections4/4.1/commons-collections4-4.1.jar:/home/user/.m2/repository/org/apache/poi/poi-ooxml-schemas/4.0.1/poi-ooxml-schemas-4.0.1.jar:/home/user/.m2/repository/org/apache/xmlbeans/xmlbeans/3.0.2/xmlbeans-3.0.2.jar:/home/user/.m2/repository/io/qameta/allure/allure-cucumber4-jvm/2.12.1/allure-cucumber4-jvm-2.12.1.jar:/home/user/.m2/repository/io/qameta/allure/allure-java-commons/2.12.1/allure-java-commons-2.12.1.jar:/home/user/.m2/repository/io/qameta/allure/allure-model/2.12.1/allure-model-2.12.1.jar:/home/user/.m2/repository/org/jooq/joor-java-8/0.9.10/joor-java-8-0.9.10.jar:/home/user/.m2/repository/com/fasterxml/jackson/core/jackson-annotations/2.10.3/jackson-annotations-2.10.3.jar:/home/user/.m2/repository/com/epam/reportportal/agent-java-cucumber4/4.0.0/agent-java-cucumber4-4.0.0.jar:/home/user/.m2/repository/com/epam/reportportal/client-java/4.0.4/client-java-4.0.4.jar:/home/user/.m2/repository/io/reactivex/rxjava2/rxjava/2.1.6/rxjava-2.1.6.jar:/home/user/.m2/repository/org/reactivestreams/reactive-streams/1.0.1/reactive-streams-1.0.1.jar:/home/user/.m2/repository/org/apache/tika/tika-core/1.4/tika-core-1.4.jar:/home/user/.m2/repository/com/epam/reportportal/commons-model/4.0.0/commons-model-4.0.0.jar:/home/user/.m2/repository/io/swagger/swagger-annotations/1.5.13/swagger-annotations-1.5.13.jar:/home/user/.m2/repository/javax/validation/validation-api/1.1.0.Final/validation-api-1.1.0.Final.jar:/home/user/.m2/repository/com/aventstack/extentreports-cucumber4-adapter/1.0.8/extentreports-cucumber4-adapter-1.0.8.jar:/home/user/.m2/repository/com/aventstack/extentreports/4.0.9/extentreports-4.0.9.jar:/home/user/.m2/repository/org/freemarker/freemarker/2.3.23/freemarker-2.3.23.jar:/home/user/.m2/repository/org/mongodb/bson/3.3.0/bson-3.3.0.jar:/home/user/.m2/repository/org/apache/httpcomponents/httpmime/4.5.2/httpmime-4.5.2.jar:/home/user/.m2/repository/org/mongodb/mongodb-driver/3.3.0/mongodb-driver-3.3.0.jar:/home/user/.m2/repository/org/mongodb/mongodb-driver-core/3.3.0/mongodb-driver-core-3.3.0.jar:/home/user/.m2/repository/com/google/guava/guava/25.0-jre/guava-25.0-jre.jar:/home/user/.m2/repository/com/google/code/findbugs/jsr305/1.3.9/jsr305-1.3.9.jar:/home/user/.m2/repository/org/checkerframework/checker-compat-qual/2.0.0/checker-compat-qual-2.0.0.jar:/home/user/.m2/repository/com/google/errorprone/error_prone_annotations/2.1.3/error_prone_annotations-2.1.3.jar:/home/user/.m2/repository/com/google/j2objc/j2objc-annotations/1.1/j2objc-annotations-1.1.jar:/home/user/.m2/repository/org/codehaus/mojo/animal-sniffer-annotations/1.14/animal-sniffer-annotations-1.14.jar:/home/user/.m2/repository/org/glassfish/jersey/core/jersey-common/2.25.1/jersey-common-2.25.1.jar:/home/user/.m2/repository/javax/ws/rs/javax.ws.rs-api/2.0.1/javax.ws.rs-api-2.0.1.jar:/home/user/.m2/repository/javax/annotation/javax.annotation-api/1.2/javax.annotation-api-1.2.jar:/home/user/.m2/repository/org/glassfish/jersey/bundles/repackaged/jersey-guava/2.25.1/jersey-guava-2.25.1.jar:/home/user/.m2/repository/org/glassfish/hk2/hk2-api/2.5.0-b32/hk2-api-2.5.0-b32.jar:/home/user/.m2/repository/org/glassfish/hk2/hk2-utils/2.5.0-b32/hk2-utils-2.5.0-b32.jar:/home/user/.m2/repository/org/glassfish/hk2/external/aopalliance-repackaged/2.5.0-b32/aopalliance-repackaged-2.5.0-b32.jar:/home/user/.m2/repository/org/glassfish/hk2/external/javax.inject/2.5.0-b32/javax.inject-2.5.0-b32.jar:/home/user/.m2/repository/org/glassfish/hk2/hk2-locator/2.5.0-b32/hk2-locator-2.5.0-b32.jar:/home/user/.m2/repository/org/javassist/javassist/3.20.0-GA/javassist-3.20.0-GA.jar:/home/user/.m2/repository/org/glassfish/hk2/osgi-resource-locator/1.0.1/osgi-resource-locator-1.0.1.jar:/home/user/.m2/repository/org/glassfish/jersey/connectors/jersey-apache-connector/2.25.1/jersey-apache-connector-2.25.1.jar:/home/user/.m2/repository/org/glassfish/jersey/core/jersey-client/2.25.1/jersey-client-2.25.1.jar:/home/user/.m2/repository/com/fasterxml/jackson/jaxrs/jackson-jaxrs-json-provider/2.8.7/jackson-jaxrs-json-provider-2.8.7.jar:/home/user/.m2/repository/com/fasterxml/jackson/jaxrs/jackson-jaxrs-base/2.8.7/jackson-jaxrs-base-2.8.7.jar:/home/user/.m2/repository/com/fasterxml/jackson/module/jackson-module-jaxb-annotations/2.8.7/jackson-module-jaxb-annotations-2.8.7.jar:/home/user/.m2/repository/org/glassfish/jersey/media/jersey-media-moxy/2.25.1/jersey-media-moxy-2.25.1.jar:/home/user/.m2/repository/org/glassfish/jersey/ext/jersey-entity-filtering/2.25.1/jersey-entity-filtering-2.25.1.jar:/home/user/.m2/repository/org/eclipse/persistence/org.eclipse.persistence.moxy/2.6.0/org.eclipse.persistence.moxy-2.6.0.jar:/home/user/.m2/repository/org/eclipse/persistence/org.eclipse.persistence.core/2.6.0/org.eclipse.persistence.core-2.6.0.jar:/home/user/.m2/repository/org/eclipse/persistence/org.eclipse.persistence.asm/2.6.0/org.eclipse.persistence.asm-2.6.0.jar:/home/user/.m2/repository/org/glassfish/javax.json/1.0.4/javax.json-1.0.4.jar:/home/user/.m2/repository/org/glassfish/jersey/media/jersey-media-jaxb/2.25.1/jersey-media-jaxb-2.25.1.jar:/home/user/.m2/repository/au/com/dius/pact-jvm-consumer-java8_2.12/3.5.21/pact-jvm-consumer-java8_2.12-3.5.21.jar:/home/user/.m2/repository/org/jetbrains/kotlin/kotlin-stdlib-jdk8/1.2.51/kotlin-stdlib-jdk8-1.2.51.jar:/home/user/.m2/repository/org/jetbrains/kotlin/kotlin-stdlib/1.2.51/kotlin-stdlib-1.2.51.jar:/home/user/.m2/repository/org/jetbrains/kotlin/kotlin-stdlib-common/1.2.51/kotlin-stdlib-common-1.2.51.jar:/home/user/.m2/repository/org/jetbrains/annotations/13.0/annotations-13.0.jar:/home/user/.m2/repository/org/jetbrains/kotlin/kotlin-stdlib-jdk7/1.2.51/kotlin-stdlib-jdk7-1.2.51.jar:/home/user/.m2/repository/org/jetbrains/kotlin/kotlin-reflect/1.2.51/kotlin-reflect-1.2.51.jar:/home/user/.m2/repository/org/codehaus/groovy/groovy-all/2.4.12/groovy-all-2.4.12-indy.jar:/home/user/.m2/repository/io/github/microutils/kotlin-logging/1.4.4/kotlin-logging-1.4.4.jar:/home/user/.m2/repository/org/scala-lang/scala-library/2.12.5/scala-library-2.12.5.jar:/home/user/.m2/repository/com/typesafe/scala-logging/scala-logging_2.12/3.7.2/scala-logging_2.12-3.7.2.jar:/home/user/.m2/repository/au/com/dius/pact-jvm-consumer-junit_2.12/3.5.21/pact-jvm-consumer-junit_2.12-3.5.21.jar:/home/user/.m2/repository/au/com/dius/pact-jvm-consumer_2.12/3.5.21/pact-jvm-consumer_2.12-3.5.21.jar:/home/user/.m2/repository/au/com/dius/pact-jvm-model/3.5.21/pact-jvm-model-3.5.21.jar:/home/user/.m2/repository/au/com/dius/pact-jvm-pact-broker/3.5.21/pact-jvm-pact-broker-3.5.21.jar:/home/user/.m2/repository/au/com/dius/pact-jvm-matchers_2.12/3.5.21/pact-jvm-matchers_2.12-3.5.21.jar:/home/user/.m2/repository/io/gatling/jsonpath_2.12/0.6.9/jsonpath_2.12-0.6.9.jar:/home/user/.m2/repository/org/scala-lang/modules/scala-parser-combinators_2.12/1.0.5/scala-parser-combinators_2.12-1.0.5.jar:/home/user/.m2/repository/org/scala-lang/modules/scala-xml_2.12/1.0.6/scala-xml_2.12-1.0.6.jar:/home/user/.m2/repository/com/googlecode/java-diff-utils/diffutils/1.3.0/diffutils-1.3.0.jar:/home/user/.m2/repository/dk/brics/automaton/automaton/1.11-8/automaton-1.11-8.jar:/home/user/.m2/repository/io/netty/netty-handler/4.1.9.Final/netty-handler-4.1.9.Final.jar:/home/user/.m2/repository/io/netty/netty-buffer/4.1.9.Final/netty-buffer-4.1.9.Final.jar:/home/user/.m2/repository/io/netty/netty-common/4.1.9.Final/netty-common-4.1.9.Final.jar:/home/user/.m2/repository/io/netty/netty-transport/4.1.9.Final/netty-transport-4.1.9.Final.jar:/home/user/.m2/repository/io/netty/netty-resolver/4.1.9.Final/netty-resolver-4.1.9.Final.jar:/home/user/.m2/repository/io/netty/netty-codec/4.1.9.Final/netty-codec-4.1.9.Final.jar:/home/user/.m2/repository/ws/unfiltered/unfiltered-netty-server_2.12/0.9.1/unfiltered-netty-server_2.12-0.9.1.jar:/home/user/.m2/repository/ws/unfiltered/unfiltered-netty_2.12/0.9.1/unfiltered-netty_2.12-0.9.1.jar:/home/user/.m2/repository/ws/unfiltered/unfiltered_2.12/0.9.1/unfiltered_2.12-0.9.1.jar:/home/user/.m2/repository/io/netty/netty-codec-http/4.1.9.Final/netty-codec-http-4.1.9.Final.jar:/home/user/.m2/repository/ws/unfiltered/unfiltered-util_2.12/0.9.1/unfiltered-util_2.12-0.9.1.jar:/home/user/.m2/repository/org/scala-lang/modules/scala-java8-compat_2.12/0.8.0/scala-java8-compat_2.12-0.8.0.jar:/home/user/.m2/repository/org/json/json/20160212/json-20160212.jar:/home/user/.m2/repository/au/com/dius/pact-jvm-provider-junit/4.0.3/pact-jvm-provider-junit-4.0.3.jar:/home/user/.m2/repository/org/apache/httpcomponents/fluent-hc/4.5.5/fluent-hc-4.5.5.jar:/home/user/.m2/repository/org/jooq/jool/0.9.14/jool-0.9.14.jar:/home/user/.m2/repository/com/github/rholder/guava-retrying/2.0.0/guava-retrying-2.0.0.jar:/home/user/.m2/repository/javax/mail/mail/1.5.0-b01/mail-1.5.0-b01.jar:/home/user/.m2/repository/au/com/dius/pact-jvm-core-support/4.0.3/pact-jvm-core-support-4.0.3.jar:/home/user/.m2/repository/org/antlr/antlr4/4.7.2/antlr4-4.7.2.jar:/home/user/.m2/repository/org/antlr/antlr4-runtime/4.7.2/antlr4-runtime-4.7.2.jar:/home/user/.m2/repository/org/antlr/antlr-runtime/3.5.2/antlr-runtime-3.5.2.jar:/home/user/.m2/repository/org/antlr/ST4/4.1/ST4-4.1.jar:/home/user/.m2/repository/org/abego/treelayout/org.abego.treelayout.core/1.0.3/org.abego.treelayout.core-1.0.3.jar:/home/user/.m2/repository/com/ibm/icu/icu4j/61.1/icu4j-61.1.jar:/home/user/.m2/repository/com/github/salomonbrys/kotson/kotson/2.5.0/kotson-2.5.0.jar:/home/user/.m2/repository/au/com/dius/pact-jvm-provider/4.0.3/pact-jvm-provider-4.0.3.jar:/home/user/.m2/repository/org/fusesource/jansi/jansi/1.17.1/jansi-1.17.1.jar:/home/user/.m2/repository/au/com/dius/pact-jvm-core-model/4.0.3/pact-jvm-core-model-4.0.3.jar:/home/user/.m2/repository/com/github/zafarkhaja/java-semver/0.9.0/java-semver-0.9.0.jar:/home/user/.m2/repository/com/github/mifmif/generex/1.0.2/generex-1.0.2.jar:/home/user/.m2/repository/com/amazonaws/aws-java-sdk-s3/1.11.587/aws-java-sdk-s3-1.11.587.jar:/home/user/.m2/repository/com/amazonaws/aws-java-sdk-kms/1.11.587/aws-java-sdk-kms-1.11.587.jar:/home/user/.m2/repository/com/amazonaws/aws-java-sdk-core/1.11.587/aws-java-sdk-core-1.11.587.jar:/home/user/.m2/repository/software/amazon/ion/ion-java/1.0.2/ion-java-1.0.2.jar:/home/user/.m2/repository/com/fasterxml/jackson/dataformat/jackson-dataformat-cbor/2.6.7/jackson-dataformat-cbor-2.6.7.jar:/home/user/.m2/repository/com/amazonaws/jmespath-java/1.11.587/jmespath-java-1.11.587.jar:/home/user/.m2/repository/au/com/dius/pact-jvm-core-pact-broker/4.0.3/pact-jvm-core-pact-broker-4.0.3.jar:/home/user/.m2/repository/org/dmfs/rfc3986-uri/0.8/rfc3986-uri-0.8.jar:/home/user/.m2/repository/org/dmfs/iterators/1.5/iterators-1.5.jar:/home/user/.m2/repository/org/dmfs/optional/0.3/optional-0.3.jar:/home/user/.m2/repository/au/com/dius/pact-jvm-core-matchers/4.0.3/pact-jvm-core-matchers-4.0.3.jar:/home/user/.m2/repository/xerces/xercesImpl/2.12.0/xercesImpl-2.12.0.jar:/home/user/.m2/repository/org/atteo/evo-inflector/1.2.2/evo-inflector-1.2.2.jar:/home/user/.m2/repository/io/arrow-kt/arrow-core-extensions/0.9.0/arrow-core-extensions-0.9.0.jar:/home/user/.m2/repository/io/arrow-kt/arrow-annotations/0.9.0/arrow-annotations-0.9.0.jar:/home/user/.m2/repository/io/kindedj/kindedj/1.1.0/kindedj-1.1.0.jar:/home/user/.m2/repository/io/arrow-kt/arrow-typeclasses/0.9.0/arrow-typeclasses-0.9.0.jar:/home/user/.m2/repository/io/arrow-kt/arrow-core-data/0.9.0/arrow-core-data-0.9.0.jar:/home/user/.m2/repository/io/github/classgraph/classgraph/4.8.25/classgraph-4.8.25.jar:/home/user/.m2/repository/org/codehaus/groovy/groovy/2.5.8/groovy-2.5.8.jar:/home/user/.m2/repository/commons-lang/commons-lang/2.6/commons-lang-2.6.jar:/home/user/.m2/repository/com/github/2gis/winium/winium-webdriver/0.1.0-1/winium-webdriver-0.1.0-1.jar:/home/user/.m2/repository/com/paulhammant/ngwebdriver/1.1.4/ngwebdriver-1.1.4.jar:/home/user/.m2/repository/net/sf/sociaal/freetts/1.2.2/freetts-1.2.2.jar:/home/user/.m2/repository/org/springframework/spring-web/5.2.6.RELEASE/spring-web-5.2.6.RELEASE.jar:/home/user/.m2/repository/org/springframework/spring-beans/5.2.6.RELEASE/spring-beans-5.2.6.RELEASE.jar:/home/user/.m2/repository/org/springframework/spring-context/5.2.6.RELEASE/spring-context-5.2.6.RELEASE.jar:/home/user/.m2/repository/org/springframework/spring-aop/5.2.6.RELEASE/spring-aop-5.2.6.RELEASE.jar:/home/user/.m2/repository/org/springframework/spring-expression/5.2.6.RELEASE/spring-expression-5.2.6.RELEASE.jar:/home/user/.m2/repository/org/springframework/spring-core/5.2.6.RELEASE/spring-core-5.2.6.RELEASE.jar:/home/user/.m2/repository/org/springframework/spring-jcl/5.2.6.RELEASE/spring-jcl-5.2.6.RELEASE.jar:"/>
    <property name="sun.cpu.endian" value="little"/>
    <property name="user.home" value="/home/user"/>
    <property name="user.language" value="en"/>
    <property name="java.specification.vendor" value="Oracle Corporation"/>
    <property name="java.version.date" value="2020-11-04"/>
    <property name="java.home" value="/usr/local/openjdk-11"/>
    <property name="file.separator" value="/"/>
    <property name="basedir" value="/projects/SkMateChe"/>
    <property name="java.vm.compressedOopsMode" value="32-bit"/>
    <property name="line.separator" value="&#10;"/>
    <property name="java.specification.name" value="Java Platform API Specification"/>
    <property name="java.vm.specification.vendor" value="Oracle Corporation"/>
    <property name="java.awt.graphicsenv" value="sun.awt.X11GraphicsEnvironment"/>
    <property name="surefire.real.class.path" value="/projects/SkMateChe/target/surefire/surefirebooter902656839537123913.jar"/>
    <property name="sun.management.compiler" value="HotSpot 64-Bit Tiered Compilers"/>
    <property name="java.runtime.version" value="11.0.9.1+1"/>
    <property name="user.name" value="user"/>
    <property name="path.separator" value=":"/>
    <property name="java.security.egd" value="file:/dev/./urandom"/>
    <property name="os.version" value="4.19.112+"/>
    <property name="java.runtime.name" value="OpenJDK Runtime Environment"/>
    <property name="file.encoding" value="UTF-8"/>
    <property name="sun.zip.disableMemoryMapping" value="true"/>
    <property name="java.vm.name" value="OpenJDK 64-Bit Server VM"/>
    <property name="java.vendor.version" value="18.9"/>
    <property name="localRepository" value="/home/user/.m2/repository"/>
    <property name="java.vendor.url.bug" value="https://bugreport.java.com/bugreport/"/>
    <property name="java.io.tmpdir" value="/tmp"/>
    <property name="java.version" value="11.0.9.1"/>
    <property name="user.dir" value="/projects/SkMateChe"/>
    <property name="os.arch" value="amd64"/>
    <property name="java.vm.specification.name" value="Java Virtual Machine Specification"/>
    <property name="java.awt.printerjob" value="sun.print.PSPrinterJob"/>
    <property name="sun.os.patch.level" value="unknown"/>
    <property name="java.library.path" value="/usr/java/packages/lib:/usr/lib64:/lib64:/lib:/usr/lib"/>
    <property name="java.vm.info" value="mixed mode"/>
    <property name="java.vendor" value="Oracle Corporation"/>
    <property name="java.vm.version" value="11.0.9.1+1"/>
    <property name="sun.io.unicode.encoding" value="UnicodeLittle"/>
    <property name="java.class.version" value="55.0"/>
  </properties>
  <testcase name="runScenario" classname="com.scripted.runners.APITestNGRunner" time="0">
    <skipped message="There are undefined steps"/>
    <system-out><![CDATA[2020-11-26 15:40:38 INFO  FileUtils:34 - Inside FileUtil.getFilePath method
]]></system-out>
    <system-err><![CDATA[SLF4J: Failed to load class "org.slf4j.impl.StaticLoggerBinder".
SLF4J: Defaulting to no-operation (NOP) logger implementation
SLF4J: See http://www.slf4j.org/codes.html#StaticLoggerBinder for further details.
]]></system-err>
  </testcase>
  <testcase name="runScenario" classname="com.scripted.runners.APITestNGRunner" time="0">
    <skipped message="There are undefined steps"/>
  </testcase>
</testsuite>