<?xml version="1.0" encoding="UTF-8"?>
<!-- Generated by org.testng.reporters.JUnitReportReporter -->
<testsuite hostname="workspace97g1da1qrymg4lw1.maven-57988bf4bb-89psm" failures="0" tests="2" name="com.scripted.runners.APITestNGRunner" time="0.793" errors="0" timestamp="26 Nov 2020 15:40:40 GMT" skipped="2">
  <testcase classname="com.scripted.runners.APITestNGRunner" name="runScenario" time="0.768">
    <skipped/>
  </testcase> <!-- runScenario -->
  <testcase classname="com.scripted.runners.APITestNGRunner" name="runScenario" time="0.025">
    <skipped/>
  </testcase> <!-- runScenario -->
</testsuite> <!-- com.scripted.runners.APITestNGRunner -->
